2021-03-08 17:46:54,093 - basePage.py[line:22] - INFO: 定位到元素('xpath', '//*[@id="app"]/div/form/div[2]/div/div[1]/input')
2021-03-08 17:46:54,331 - basePage.py[line:29] - INFO: 输入内容---wxk
2021-03-08 17:46:54,333 - basePage.py[line:22] - INFO: 定位到元素('xpath', '//*[@id="app"]/div/form/div[3]/div/div/input')
2021-03-08 17:46:54,451 - basePage.py[line:29] - INFO: 输入内容---123456
2021-03-08 17:46:54,452 - basePage.py[line:22] - INFO: 定位到元素('xpath', '//*[@id="app"]/div/form/button')
2021-03-08 17:46:54,526 - basePage.py[line:35] - INFO: 点击按钮('xpath', '//*[@id="app"]/div/form/button')
2021-03-08 17:46:54,530 - basePage.py[line:22] - INFO: 定位到元素('xpath', '//*[@id="app"]/div/div[1]/div[2]/div[1]/div/ul/div[2]/li/div')
2021-03-08 17:46:55,202 - basePage.py[line:35] - INFO: 点击按钮('xpath', '//*[@id="app"]/div/div[1]/div[2]/div[1]/div/ul/div[2]/li/div')
2021-03-08 17:46:55,213 - basePage.py[line:22] - INFO: 定位到元素('xpath', '//*[@id="app"]/div/div[1]/div[2]/div[1]/div/ul/div[2]/li/ul/div[1]/a/li')
2021-03-08 17:46:55,418 - basePage.py[line:35] - INFO: 点击按钮('xpath', '//*[@id="app"]/div/div[1]/div[2]/div[1]/div/ul/div[2]/li/ul/div[1]/a/li')
2021-03-08 17:46:55,419 - basePage.py[line:22] - INFO: 定位到元素('xpath', '//*[@id="app"]/div/div[2]/section/div/div[1]/div/div[1]/button')
2021-03-08 17:46:56,236 - basePage.py[line:35] - INFO: 点击按钮('xpath', '//*[@id="app"]/div/div[2]/section/div/div[1]/div/div[1]/button')
2021-03-08 17:46:56,238 - basePage.py[line:22] - INFO: 定位到元素('xpath', '//*[@id="app"]/div/div[2]/section/div/form/div[1]/div/div/label[2]/span[2]')
2021-03-08 17:46:56,824 - basePage.py[line:35] - INFO: 点击按钮('xpath', '//*[@id="app"]/div/div[2]/section/div/form/div[1]/div/div/label[2]/span[2]')
2021-03-08 17:46:56,826 - basePage.py[line:22] - INFO: 定位到元素('xpath', '//*[@id="app"]/div/div[2]/section/div/form/div[2]/div/div/label[1]/span[2]')
2021-03-08 17:46:57,018 - basePage.py[line:35] - INFO: 点击按钮('xpath', '//*[@id="app"]/div/div[2]/section/div/form/div[2]/div/div/label[1]/span[2]')
2021-03-08 17:46:57,021 - basePage.py[line:22] - INFO: 定位到元素('xpath', '//*[@id="app"]/div/div[2]/section/div/form/div[3]/div/div/div/input')
2021-03-08 17:46:57,503 - basePage.py[line:29] - INFO: 输入内容---3
2021-03-08 17:46:57,506 - basePage.py[line:22] - INFO: 定位到元素('xpath', '//*[@id="app"]/div/div[2]/section/div/form/div[5]/div/div/div[1]/div/input')
2021-03-08 17:46:57,569 - basePage.py[line:29] - INFO: 输入内容---C:/Users/Administrator.SC-201907251023/Desktop/图片魔方/banner@3x.png
2021-03-08 17:46:57,570 - basePage.py[line:22] - INFO: 定位到元素('xpath', '//*[@id="app"]/div/div[2]/section/div/form/div[6]/div/div[1]/input')
2021-03-08 17:46:57,728 - basePage.py[line:29] - INFO: 输入内容---test
2021-03-08 17:46:57,730 - basePage.py[line:22] - INFO: 定位到元素('xpath', '//*[@id="app"]/div/div[2]/section/div/form/div[11]/div/button')
2021-03-08 17:46:57,754 - basePage.py[line:22] - INFO: 定位到元素('xpath', '//*[@id="app"]/div/div[2]/section/div/form/div[8]/div/div/label[1]/span[2]')
2021-03-08 17:46:57,898 - basePage.py[line:35] - INFO: 点击按钮('xpath', '//*[@id="app"]/div/div[2]/section/div/form/div[8]/div/div/label[1]/span[2]')
2021-03-08 17:46:57,899 - basePage.py[line:22] - INFO: 定位到元素('xpath', '//*[@id="app"]/div/div[2]/section/div/form/div[9]/div/block/div/input')
2021-03-08 17:46:58,205 - basePage.py[line:29] - INFO: 输入内容---http://www.baidu.com
2021-03-08 17:46:58,206 - basePage.py[line:22] - INFO: 定位到元素('xpath', '//*[@id="app"]/div/div[2]/section/div/form/div[10]/div/div[1]/input[1]')
2021-03-08 17:46:58,430 - basePage.py[line:29] - INFO: 输入内容---2021-01-13 00:00:00
2021-03-08 17:46:58,432 - basePage.py[line:22] - INFO: 定位到元素('xpath', '//*[@id="app"]/div/div[2]/section/div/form/div[10]/div/div[1]/input[1]')
2021-03-08 17:46:58,536 - basePage.py[line:29] - INFO: 输入内容---2021-01-14 00:00:00
2021-03-08 17:46:58,538 - basePage.py[line:22] - INFO: 定位到元素('xpath', '//*[@id="app"]/div/div[2]/section/div/form/div[11]/div/button')
2021-03-08 17:46:58,692 - basePage.py[line:35] - INFO: 点击按钮('xpath', '//*[@id="app"]/div/div[2]/section/div/form/div[11]/div/button')
