2021-03-08 17:42:18,584 - basePage.py[line:22] - INFO: 定位到元素('xpath', '//*[@id="app"]/div/form/div[2]/div/div[1]/input')
2021-03-08 17:42:18,729 - basePage.py[line:29] - INFO: 输入内容---wxk
2021-03-08 17:42:18,731 - basePage.py[line:22] - INFO: 定位到元素('xpath', '//*[@id="app"]/div/form/div[3]/div/div/input')
2021-03-08 17:42:18,881 - basePage.py[line:29] - INFO: 输入内容---123456
2021-03-08 17:42:18,884 - basePage.py[line:22] - INFO: 定位到元素('xpath', '//*[@id="app"]/div/form/button')
2021-03-08 17:42:18,946 - basePage.py[line:35] - INFO: 点击按钮('xpath', '//*[@id="app"]/div/form/button')
2021-03-08 17:42:18,951 - basePage.py[line:22] - INFO: 定位到元素('xpath', '//*[@id="app"]/div/div[1]/div[2]/div[1]/div/ul/div[2]/li/div')
2021-03-08 17:42:19,641 - basePage.py[line:35] - INFO: 点击按钮('xpath', '//*[@id="app"]/div/div[1]/div[2]/div[1]/div/ul/div[2]/li/div')
2021-03-08 17:42:19,660 - basePage.py[line:22] - INFO: 定位到元素('xpath', '//*[@id="app"]/div/div[1]/div[2]/div[1]/div/ul/div[2]/li/ul/div[1]/a/li')
2021-03-08 17:42:19,867 - basePage.py[line:35] - INFO: 点击按钮('xpath', '//*[@id="app"]/div/div[1]/div[2]/div[1]/div/ul/div[2]/li/ul/div[1]/a/li')
2021-03-08 17:42:19,879 - basePage.py[line:22] - INFO: 定位到元素('xpath', '//*[@id="app"]/div/div[2]/section/div/div[1]/div/div[1]/button')
2021-03-08 17:42:20,669 - basePage.py[line:35] - INFO: 点击按钮('xpath', '//*[@id="app"]/div/div[2]/section/div/div[1]/div/div[1]/button')
2021-03-08 17:42:20,671 - basePage.py[line:22] - INFO: 定位到元素('xpath', '//*[@id="app"]/div/div[2]/section/div/form/div[1]/div/div/label[2]/span[2]')
2021-03-08 17:42:21,278 - basePage.py[line:35] - INFO: 点击按钮('xpath', '//*[@id="app"]/div/div[2]/section/div/form/div[1]/div/div/label[2]/span[2]')
2021-03-08 17:42:21,280 - basePage.py[line:22] - INFO: 定位到元素('xpath', '//*[@id="app"]/div/div[2]/section/div/form/div[2]/div/div/label[1]/span[2]')
2021-03-08 17:42:21,346 - basePage.py[line:35] - INFO: 点击按钮('xpath', '//*[@id="app"]/div/div[2]/section/div/form/div[2]/div/div/label[1]/span[2]')
2021-03-08 17:42:21,347 - basePage.py[line:22] - INFO: 定位到元素('xpath', '//*[@id="app"]/div/div[2]/section/div/form/div[3]/div/div/div/input')
2021-03-08 17:42:21,474 - basePage.py[line:29] - INFO: 输入内容---3
2021-03-08 17:42:21,476 - basePage.py[line:22] - INFO: 定位到元素('xpath', '//*[@id="app"]/div/div[2]/section/div/form/div[5]/div/div/div[1]/div/input')
2021-03-08 17:42:21,541 - basePage.py[line:29] - INFO: 输入内容---C:/Users/Administrator.SC-201907251023/Desktop/图片魔方/banner@3x.png
2021-03-08 17:42:21,543 - basePage.py[line:22] - INFO: 定位到元素('xpath', '//*[@id="app"]/div/div[2]/section/div/form/div[6]/div/div[1]/input')
2021-03-08 17:42:22,004 - basePage.py[line:29] - INFO: 输入内容---test
2021-03-08 17:42:22,005 - basePage.py[line:22] - INFO: 定位到元素(('xpath', '//*[@id="app"]/div/div[2]/section/div/form/div[11]/div/button'),)
