2021-03-08 17:40:18,420 - basePage.py[line:22] - INFO: 定位到元素('xpath', '//*[@id="app"]/div/form/div[2]/div/div[1]/input')
2021-03-08 17:40:18,561 - basePage.py[line:29] - INFO: 输入内容---wxk
2021-03-08 17:40:18,562 - basePage.py[line:22] - INFO: 定位到元素('xpath', '//*[@id="app"]/div/form/div[3]/div/div/input')
2021-03-08 17:40:18,693 - basePage.py[line:29] - INFO: 输入内容---123456
2021-03-08 17:40:18,694 - basePage.py[line:22] - INFO: 定位到元素('xpath', '//*[@id="app"]/div/form/button')
2021-03-08 17:40:18,766 - basePage.py[line:35] - INFO: 点击按钮('xpath', '//*[@id="app"]/div/form/button')
2021-03-08 17:40:18,775 - basePage.py[line:22] - INFO: 定位到元素('xpath', '//*[@id="app"]/div/div[1]/div[2]/div[1]/div/ul/div[2]/li/div')
2021-03-08 17:40:19,517 - basePage.py[line:35] - INFO: 点击按钮('xpath', '//*[@id="app"]/div/div[1]/div[2]/div[1]/div/ul/div[2]/li/div')
2021-03-08 17:40:19,519 - basePage.py[line:22] - INFO: 定位到元素('xpath', '//*[@id="app"]/div/div[1]/div[2]/div[1]/div/ul/div[2]/li/ul/div[1]/a/li')
2021-03-08 17:40:19,797 - basePage.py[line:35] - INFO: 点击按钮('xpath', '//*[@id="app"]/div/div[1]/div[2]/div[1]/div/ul/div[2]/li/ul/div[1]/a/li')
2021-03-08 17:40:19,799 - basePage.py[line:22] - INFO: 定位到元素('xpath', '//*[@id="app"]/div/div[2]/section/div/div[1]/div/div[1]/button')
2021-03-08 17:40:20,592 - basePage.py[line:35] - INFO: 点击按钮('xpath', '//*[@id="app"]/div/div[2]/section/div/div[1]/div/div[1]/button')
2021-03-08 17:40:20,593 - basePage.py[line:22] - INFO: 定位到元素('xpath', '//*[@id="app"]/div/div[2]/section/div/form/div[1]/div/div/label[2]/span[2]')
2021-03-08 17:40:21,207 - basePage.py[line:35] - INFO: 点击按钮('xpath', '//*[@id="app"]/div/div[2]/section/div/form/div[1]/div/div/label[2]/span[2]')
2021-03-08 17:40:21,211 - basePage.py[line:22] - INFO: 定位到元素('xpath', '//*[@id="app"]/div/div[2]/section/div/form/div[2]/div/div/label[1]/span[2]')
2021-03-08 17:40:21,284 - basePage.py[line:35] - INFO: 点击按钮('xpath', '//*[@id="app"]/div/div[2]/section/div/form/div[2]/div/div/label[1]/span[2]')
2021-03-08 17:40:21,285 - basePage.py[line:22] - INFO: 定位到元素('xpath', '//*[@id="app"]/div/div[2]/section/div/form/div[3]/div/div/div/input')
2021-03-08 17:40:21,416 - basePage.py[line:29] - INFO: 输入内容---3
2021-03-08 17:40:21,417 - basePage.py[line:22] - INFO: 定位到元素('xpath', '//*[@id="app"]/div/div[2]/section/div/form/div[5]/div/div/div[1]/div/input')
2021-03-08 17:40:21,503 - basePage.py[line:29] - INFO: 输入内容---C:/Users/Administrator.SC-201907251023/Desktop/图片魔方/banner@3x.png
2021-03-08 17:40:21,514 - basePage.py[line:22] - INFO: 定位到元素('xpath', '//*[@id="app"]/div/div[2]/section/div/form/div[6]/div/div[1]/input')
2021-03-08 17:40:22,018 - basePage.py[line:29] - INFO: 输入内容---test
2021-03-08 17:40:22,020 - basePage.py[line:22] - INFO: 定位到元素(('xpath', '//*[@id="app"]/div/div[2]/section/div/form/div[11]/div/button'),)
