2021-03-08 17:25:01,262 - basePage.py[line:22] - INFO: 定位到元素('xpath', '//*[@id="app"]/div/form/div[2]/div/div[1]/input')
2021-03-08 17:25:01,553 - basePage.py[line:29] - INFO: 输入内容---wxk
2021-03-08 17:25:01,563 - basePage.py[line:22] - INFO: 定位到元素('xpath', '//*[@id="app"]/div/form/div[3]/div/div/input')
2021-03-08 17:25:01,705 - basePage.py[line:29] - INFO: 输入内容---123456
2021-03-08 17:25:01,709 - basePage.py[line:22] - INFO: 定位到元素('xpath', '//*[@id="app"]/div/form/button')
2021-03-08 17:25:01,786 - basePage.py[line:35] - INFO: 点击按钮('xpath', '//*[@id="app"]/div/form/button')
2021-03-08 17:25:01,787 - basePage.py[line:22] - INFO: 定位到元素('xpath', '//*[@id="app"]/div/div[1]/div[2]/div[1]/div/ul/div[2]/li/div')
2021-03-08 17:25:02,626 - basePage.py[line:35] - INFO: 点击按钮('xpath', '//*[@id="app"]/div/div[1]/div[2]/div[1]/div/ul/div[2]/li/div')
2021-03-08 17:25:02,627 - basePage.py[line:22] - INFO: 定位到元素('xpath', '//*[@id="app"]/div/div[1]/div[2]/div[1]/div/ul/div[2]/li/ul/div[1]/a/li')
2021-03-08 17:25:03,015 - basePage.py[line:35] - INFO: 点击按钮('xpath', '//*[@id="app"]/div/div[1]/div[2]/div[1]/div/ul/div[2]/li/ul/div[1]/a/li')
2021-03-08 17:25:03,017 - basePage.py[line:22] - INFO: 定位到元素('xpath', '//*[@id="app"]/div/div[2]/section/div/div[1]/div/div[1]/button')
2021-03-08 17:25:04,047 - basePage.py[line:35] - INFO: 点击按钮('xpath', '//*[@id="app"]/div/div[2]/section/div/div[1]/div/div[1]/button')
2021-03-08 17:25:04,050 - basePage.py[line:22] - INFO: 定位到元素('xpath', '//*[@id="app"]/div/div[2]/section/div/form/div[1]/div/div/label[2]/span[2]')
2021-03-08 17:25:04,933 - basePage.py[line:35] - INFO: 点击按钮('xpath', '//*[@id="app"]/div/div[2]/section/div/form/div[1]/div/div/label[2]/span[2]')
2021-03-08 17:25:04,935 - basePage.py[line:22] - INFO: 定位到元素('xpath', '//*[@id="app"]/div/div[2]/section/div/form/div[2]/div/div/label[1]/span[2]')
2021-03-08 17:25:05,005 - basePage.py[line:35] - INFO: 点击按钮('xpath', '//*[@id="app"]/div/div[2]/section/div/form/div[2]/div/div/label[1]/span[2]')
2021-03-08 17:25:05,007 - basePage.py[line:22] - INFO: 定位到元素('xpath', '//*[@id="app"]/div/div[2]/section/div/form/div[3]/div/div/div/input')
2021-03-08 17:25:05,133 - basePage.py[line:29] - INFO: 输入内容---3
2021-03-08 17:25:05,134 - basePage.py[line:22] - INFO: 定位到元素('xpath', '//*[@id="app"]/div/div[2]/section/div/form/div[5]/div/div/div[1]/div/input')
2021-03-08 17:25:05,214 - basePage.py[line:29] - INFO: 输入内容---C:/Users/Administrator.SC-201907251023/Desktop/图片魔方/banner@3x.png
2021-03-08 17:25:05,216 - basePage.py[line:22] - INFO: 定位到元素('xpath', '//*[@id="app"]/div/div[2]/section/div/form/div[6]/div/div[1]/input')
2021-03-08 17:25:05,386 - basePage.py[line:29] - INFO: 输入内容---test
